<?xml version="1.0" encoding="UTF-8"?>
<!-- Generated by org.testng.reporters.JUnitXMLReporter -->
<testsuite ignored="0" hostname="RAHUL" failures="0" tests="7" name="Student2" time="0.071" errors="0" timestamp="2021-09-22T12:53:03 IST">
  <testcase classname="sept21_testNG.SchoolBeforeNAfterMethods" name="Student" time="0.006"/>
  <testcase classname="sept21_testNG.SchoolBeforeNAfterMethods" name="Student2" time="0.002"/>
  <testcase classname="sept21_testNG.SchoolBeforeNAfterMethods" name="Student3" time="0.002"/>
  <testcase classname="sept21_testNG.Student" name="ClassRoom" time="0.008"/>
  <testcase classname="sept21_testNG.Student" name="School" time="0.003"/>
  <testcase classname="sept21_testNG.Emp" name="empInfo" time="0.003"/>
  <testcase classname="sept21_testNG.Emp" name="empInfo2" time="0.002"/>
</testsuite> <!-- Student2 -->
