<?xml version="1.0" encoding="UTF-8"?>
<!-- Generated by org.testng.reporters.JUnitXMLReporter -->
<testsuite ignored="0" hostname="RAHUL" failures="1" tests="3" name="Test" time="55.168" errors="0" timestamp="2021-10-05T01:59:40 IST">
  <testcase classname="oct2_extents.LoginTestCases" name="TestCase001" time="9.235"/>
  <testcase classname="oct2_extents.LoginTestCases" name="TestCase002" time="4.682">
    <failure type="java.lang.AssertionError" message="expected [true] but found [false]">
      <![CDATA[java.lang.AssertionError: expected [true] but found [false]
at oct2_extents.LoginTestCases.TestCase002(LoginTestCases.java:62)
at java.base/java.util.ArrayList.forEach(ArrayList.java:1511)
... Removed 31 stack frames]]>
    </failure>
  </testcase> <!-- TestCase002 -->
  <testcase classname="oct2_extents.LoginTestCases" name="TestCase003" time="0.0">
    <skipped/>
  </testcase> <!-- TestCase003 -->
</testsuite> <!-- Test -->
